<?xml version="1.0" encoding="UTF-8"?>
<testng-results skipped="0" failed="0" ignored="0" total="2" passed="2">
  <reporter-output>
  </reporter-output>
  <suite name="Suite" duration-ms="25214" started-at="2018-01-14T11:10:29Z" finished-at="2018-01-14T11:10:54Z">
    <groups>
    </groups>
    <test name="FirefoxTest" duration-ms="16771" started-at="2018-01-14T11:10:29Z" finished-at="2018-01-14T11:10:46Z">
      <class name="instaworkAssignment1.multibrowser">
        <test-method status="PASS" signature="beforeClass(java.lang.String)[pri:0, instance:instaworkAssignment1.multibrowser@1f57539]" name="beforeClass" is-config="true" duration-ms="14640" started-at="2018-01-14T16:40:29Z" finished-at="2018-01-14T16:40:44Z">
          <params>
            <param index="0">
              <value>
                <![CDATA[firefox]]>
              </value>
            </param>
          </params>
          <reporter-output>
          </reporter-output>
        </test-method> <!-- beforeClass -->
        <test-method status="PASS" signature="f()[pri:0, instance:instaworkAssignment1.multibrowser@1f57539]" name="f" duration-ms="1791" started-at="2018-01-14T16:40:44Z" finished-at="2018-01-14T16:40:45Z">
          <reporter-output>
          </reporter-output>
        </test-method> <!-- f -->
        <test-method status="PASS" signature="afterClass()[pri:0, instance:instaworkAssignment1.multibrowser@1f57539]" name="afterClass" is-config="true" duration-ms="304" started-at="2018-01-14T16:40:45Z" finished-at="2018-01-14T16:40:46Z">
          <reporter-output>
          </reporter-output>
        </test-method> <!-- afterClass -->
      </class> <!-- instaworkAssignment1.multibrowser -->
    </test> <!-- FirefoxTest -->
    <test name="ChromeTest" duration-ms="8111" started-at="2018-01-14T11:10:46Z" finished-at="2018-01-14T11:10:54Z">
      <class name="instaworkAssignment1.multibrowser">
        <test-method status="PASS" signature="beforeSuite()[pri:0, instance:instaworkAssignment1.multibrowser@7e2d773b]" name="beforeSuite" is-config="true" duration-ms="5476" started-at="2018-01-14T16:40:23Z" finished-at="2018-01-14T16:40:29Z">
          <reporter-output>
          </reporter-output>
        </test-method> <!-- beforeSuite -->
        <test-method status="PASS" signature="beforeClass(java.lang.String)[pri:0, instance:instaworkAssignment1.multibrowser@7e2d773b]" name="beforeClass" is-config="true" duration-ms="5424" started-at="2018-01-14T16:40:46Z" finished-at="2018-01-14T16:40:51Z">
          <params>
            <param index="0">
              <value>
                <![CDATA[Chrome]]>
              </value>
            </param>
          </params>
          <reporter-output>
          </reporter-output>
        </test-method> <!-- beforeClass -->
        <test-method status="PASS" signature="f()[pri:0, instance:instaworkAssignment1.multibrowser@7e2d773b]" name="f" duration-ms="2549" started-at="2018-01-14T16:40:51Z" finished-at="2018-01-14T16:40:54Z">
          <reporter-output>
          </reporter-output>
        </test-method> <!-- f -->
        <test-method status="PASS" signature="afterClass()[pri:0, instance:instaworkAssignment1.multibrowser@7e2d773b]" name="afterClass" is-config="true" duration-ms="132" started-at="2018-01-14T16:40:54Z" finished-at="2018-01-14T16:40:54Z">
          <reporter-output>
          </reporter-output>
        </test-method> <!-- afterClass -->
      </class> <!-- instaworkAssignment1.multibrowser -->
    </test> <!-- ChromeTest -->
  </suite> <!-- Suite -->
</testng-results>
